Start testing: Oct 10 13:31 CDT
----------------------------------------------------------
1/7 Testing: MOV.RegisterToRegister
1/7 Test: MOV.RegisterToRegister
Command: "/home/jordan/Documents/schoolwork/CS467/8080/debug/Tests" "--gtest_filter=MOV.RegisterToRegister" "--gtest_also_run_disabled_tests"
Directory: /home/jordan/Documents/schoolwork/CS467/8080/debug
"MOV.RegisterToRegister" start time: Oct 10 13:31 CDT
Output:
----------------------------------------------------------
Note: Google Test filter = MOV.RegisterToRegister
[==========] Running 1 test from 1 test case.
[----------] Global test environment set-up.
[----------] 1 test from MOV
[ RUN      ] MOV.RegisterToRegister
[       OK ] MOV.RegisterToRegister (0 ms)
[----------] 1 test from MOV (0 ms total)

[----------] Global test environment tear-down
[==========] 1 test from 1 test case ran. (1 ms total)
[  PASSED  ] 1 test.
<end of output>
Test time =   0.00 sec
----------------------------------------------------------
Test Passed.
"MOV.RegisterToRegister" end time: Oct 10 13:31 CDT
"MOV.RegisterToRegister" time elapsed: 00:00:00
----------------------------------------------------------

2/7 Testing: MOV.RegisterToMem
2/7 Test: MOV.RegisterToMem
Command: "/home/jordan/Documents/schoolwork/CS467/8080/debug/Tests" "--gtest_filter=MOV.RegisterToMem" "--gtest_also_run_disabled_tests"
Directory: /home/jordan/Documents/schoolwork/CS467/8080/debug
"MOV.RegisterToMem" start time: Oct 10 13:31 CDT
Output:
----------------------------------------------------------
Note: Google Test filter = MOV.RegisterToMem
[==========] Running 1 test from 1 test case.
[----------] Global test environment set-up.
[----------] 1 test from MOV
[ RUN      ] MOV.RegisterToMem
[       OK ] MOV.RegisterToMem (0 ms)
[----------] 1 test from MOV (0 ms total)

[----------] Global test environment tear-down
[==========] 1 test from 1 test case ran. (0 ms total)
[  PASSED  ] 1 test.
<end of output>
Test time =   0.00 sec
----------------------------------------------------------
Test Passed.
"MOV.RegisterToMem" end time: Oct 10 13:31 CDT
"MOV.RegisterToMem" time elapsed: 00:00:00
----------------------------------------------------------

3/7 Testing: XCHG.All
3/7 Test: XCHG.All
Command: "/home/jordan/Documents/schoolwork/CS467/8080/debug/Tests" "--gtest_filter=XCHG.All" "--gtest_also_run_disabled_tests"
Directory: /home/jordan/Documents/schoolwork/CS467/8080/debug
"XCHG.All" start time: Oct 10 13:31 CDT
Output:
----------------------------------------------------------
Note: Google Test filter = XCHG.All
[==========] Running 1 test from 1 test case.
[----------] Global test environment set-up.
[----------] 1 test from XCHG
[ RUN      ] XCHG.All
[       OK ] XCHG.All (0 ms)
[----------] 1 test from XCHG (0 ms total)

[----------] Global test environment tear-down
[==========] 1 test from 1 test case ran. (0 ms total)
[  PASSED  ] 1 test.
<end of output>
Test time =   0.00 sec
----------------------------------------------------------
Test Passed.
"XCHG.All" end time: Oct 10 13:31 CDT
"XCHG.All" time elapsed: 00:00:00
----------------------------------------------------------

4/7 Testing: POP.B_D_H_PSW
4/7 Test: POP.B_D_H_PSW
Command: "/home/jordan/Documents/schoolwork/CS467/8080/debug/Tests" "--gtest_filter=POP.B_D_H_PSW" "--gtest_also_run_disabled_tests"
Directory: /home/jordan/Documents/schoolwork/CS467/8080/debug
"POP.B_D_H_PSW" start time: Oct 10 13:31 CDT
Output:
----------------------------------------------------------
Note: Google Test filter = POP.B_D_H_PSW
[==========] Running 1 test from 1 test case.
[----------] Global test environment set-up.
[----------] 1 test from POP
[ RUN      ] POP.B_D_H_PSW
[       OK ] POP.B_D_H_PSW (1 ms)
[----------] 1 test from POP (1 ms total)

[----------] Global test environment tear-down
[==========] 1 test from 1 test case ran. (1 ms total)
[  PASSED  ] 1 test.
<end of output>
Test time =   0.00 sec
----------------------------------------------------------
Test Passed.
"POP.B_D_H_PSW" end time: Oct 10 13:31 CDT
"POP.B_D_H_PSW" time elapsed: 00:00:00
----------------------------------------------------------

5/7 Testing: NOP.All
5/7 Test: NOP.All
Command: "/home/jordan/Documents/schoolwork/CS467/8080/debug/Tests" "--gtest_filter=NOP.All" "--gtest_also_run_disabled_tests"
Directory: /home/jordan/Documents/schoolwork/CS467/8080/debug
"NOP.All" start time: Oct 10 13:31 CDT
Output:
----------------------------------------------------------
Note: Google Test filter = NOP.All
[==========] Running 1 test from 1 test case.
[----------] Global test environment set-up.
[----------] 1 test from NOP
[ RUN      ] NOP.All
[       OK ] NOP.All (0 ms)
[----------] 1 test from NOP (0 ms total)

[----------] Global test environment tear-down
[==========] 1 test from 1 test case ran. (0 ms total)
[  PASSED  ] 1 test.
<end of output>
Test time =   0.00 sec
----------------------------------------------------------
Test Passed.
"NOP.All" end time: Oct 10 13:31 CDT
"NOP.All" time elapsed: 00:00:00
----------------------------------------------------------

6/7 Testing: XTHL.all
6/7 Test: XTHL.all
Command: "/home/jordan/Documents/schoolwork/CS467/8080/debug/Tests" "--gtest_filter=XTHL.all" "--gtest_also_run_disabled_tests"
Directory: /home/jordan/Documents/schoolwork/CS467/8080/debug
"XTHL.all" start time: Oct 10 13:31 CDT
Output:
----------------------------------------------------------
Note: Google Test filter = XTHL.all
[==========] Running 1 test from 1 test case.
[----------] Global test environment set-up.
[----------] 1 test from XTHL
[ RUN      ] XTHL.all
[       OK ] XTHL.all (0 ms)
[----------] 1 test from XTHL (0 ms total)

[----------] Global test environment tear-down
[==========] 1 test from 1 test case ran. (0 ms total)
[  PASSED  ] 1 test.
<end of output>
Test time =   0.00 sec
----------------------------------------------------------
Test Passed.
"XTHL.all" end time: Oct 10 13:31 CDT
"XTHL.all" time elapsed: 00:00:00
----------------------------------------------------------

7/7 Testing: JMP.All
7/7 Test: JMP.All
Command: "/home/jordan/Documents/schoolwork/CS467/8080/debug/Tests" "--gtest_filter=JMP.All" "--gtest_also_run_disabled_tests"
Directory: /home/jordan/Documents/schoolwork/CS467/8080/debug
"JMP.All" start time: Oct 10 13:31 CDT
Output:
----------------------------------------------------------
Note: Google Test filter = JMP.All
[==========] Running 1 test from 1 test case.
[----------] Global test environment set-up.
[----------] 1 test from JMP
[ RUN      ] JMP.All
[       OK ] JMP.All (0 ms)
[----------] 1 test from JMP (0 ms total)

[----------] Global test environment tear-down
[==========] 1 test from 1 test case ran. (0 ms total)
[  PASSED  ] 1 test.
<end of output>
Test time =   0.00 sec
----------------------------------------------------------
Test Passed.
"JMP.All" end time: Oct 10 13:31 CDT
"JMP.All" time elapsed: 00:00:00
----------------------------------------------------------

End testing: Oct 10 13:31 CDT
